<?xml version="1.0" encoding="UTF-8"?>
<!-- Generated by org.testng.reporters.JUnitXMLReporter -->
<testsuite ignored="0" hostname="LAPTOP-3A2SBHVC" failures="1" tests="1" name="Test2" time="6.053" errors="0" timestamp="2023-08-17T11:32:45 IST">
  <testcase classname="script.ErrorValidation" name="validation" time="0.541">
    <failure type="java.lang.AssertionError" message="not matching expected [Incorrect email or password.] but found [Incorrect email or passwordd.]">
      <![CDATA[java.lang.AssertionError: not matching expected [Incorrect email or password.] but found [Incorrect email or passwordd.]
at script.ErrorValidation.validation(ErrorValidation.java:17)
at java.base/java.util.ArrayList.forEach(ArrayList.java:1511)
... Removed 32 stack frames]]>
    </failure>
  </testcase> <!-- validation -->
</testsuite> <!-- Test2 -->
