<?xml version="1.0" encoding="UTF-8"?>
<!-- Generated by org.testng.reporters.JUnitXMLReporter -->
<testsuite ignored="2" hostname="LAPTOP-3A2SBHVC" failures="1" tests="1" name="Test" time="3.038" errors="0" timestamp="2023-08-16T15:32:11 IST">
  <testcase classname="script.ErrorValidation" name="validation" time="0.411">
    <failure type="java.lang.AssertionError" message="not matching expected [] but found [Incorrect email or passwordd.]">
      <![CDATA[java.lang.AssertionError: not matching expected [] but found [Incorrect email or passwordd.]
at script.ErrorValidation.validation(ErrorValidation.java:17)
at java.base/java.util.ArrayList.forEach(ArrayList.java:1511)
... Removed 32 stack frames]]>
    </failure>
  </testcase> <!-- validation -->
  <testcase classname="script.StandaloneTest" name="submitOrder" time="0.0">
    <ignored/>
  </testcase> <!-- submitOrder -->
  <testcase classname="script.StandaloneTest" name="getOrderprod" time="0.0">
    <ignored/>
  </testcase> <!-- getOrderprod -->
</testsuite> <!-- Test -->
